\BOOKMARK [0][-]{chapter*.1}{\376\377\000A\000c\000k\000n\000o\000w\000l\000e\000d\000g\000m\000e\000n\000t\000s}{}% 1
\BOOKMARK [0][-]{chapter*.2}{\376\377\000A\000I\000\040\000U\000s\000a\000g\000e\000\040\000S\000t\000a\000t\000e\000m\000e\000n\000t}{}% 2
\BOOKMARK [0][-]{chapter*.3}{\376\377\000A\000b\000s\000t\000r\000a\000c\000t}{}% 3
\BOOKMARK [0][-]{chapter.1}{\376\377\000I\000n\000t\000r\000o\000d\000u\000c\000t\000i\000o\000n}{}% 4
\BOOKMARK [1][-]{section.1.1}{\376\377\000P\000r\000o\000b\000l\000e\000m\000\040\000S\000t\000a\000t\000e\000m\000e\000n\000t}{chapter.1}% 5
\BOOKMARK [1][-]{section.1.2}{\376\377\000T\000a\000s\000k\000\040\000D\000e\000s\000c\000r\000i\000p\000t\000i\000o\000n}{chapter.1}% 6
\BOOKMARK [1][-]{section.1.3}{\376\377\000R\000e\000s\000e\000a\000r\000c\000h\000\040\000O\000b\000j\000e\000c\000t\000i\000v\000e\000s}{chapter.1}% 7
\BOOKMARK [1][-]{section.1.4}{\376\377\000C\000o\000n\000t\000r\000i\000b\000u\000t\000i\000o\000n\000s}{chapter.1}% 8
\BOOKMARK [1][-]{section.1.5}{\376\377\000S\000t\000r\000u\000c\000t\000u\000r\000e\000\040\000o\000f\000\040\000t\000h\000e\000\040\000T\000h\000e\000s\000i\000s}{chapter.1}% 9
\BOOKMARK [0][-]{chapter.2}{\376\377\000B\000a\000c\000k\000g\000r\000o\000u\000n\000d}{}% 10
\BOOKMARK [1][-]{section.2.1}{\376\377\000M\000o\000t\000i\000v\000a\000t\000i\000o\000n\000:\000\040\000T\000h\000e\000\040\000S\000h\000a\000f\000t\040\023\000H\000u\000b\000\040\000C\000o\000n\000n\000e\000c\000t\000i\000o\000n\000\040\000S\000e\000l\000e\000c\000t\000i\000o\000n\000\040\000P\000r\000o\000b\000l\000e\000m}{chapter.2}% 11
\BOOKMARK [1][-]{section.2.2}{\376\377\000S\000h\000a\000f\000t\040\023\000H\000u\000b\000\040\000C\000o\000n\000n\000e\000c\000t\000i\000o\000n\000s\000\040\000i\000n\000\040\000R\000o\000t\000a\000t\000i\000n\000g\000\040\000M\000a\000c\000h\000i\000n\000e\000r\000y}{chapter.2}% 12
\BOOKMARK [2][-]{subsection.2.2.1}{\376\377\000F\000r\000i\000c\000t\000i\000o\000n\000\040\000C\000l\000o\000s\000u\000r\000e\000:\000\040\000I\000n\000t\000e\000r\000f\000e\000r\000e\000n\000c\000e\000\040\000\050\000P\000r\000e\000s\000s\000\051\000\040\000F\000i\000t\000s}{section.2.2}% 13
\BOOKMARK [2][-]{subsection.2.2.2}{\376\377\000B\000i\000a\000x\000i\000a\000l\000\040\000S\000t\000r\000e\000s\000s\000\040\000S\000t\000a\000t\000e\000\040\000i\000n\000\040\000P\000r\000e\000s\000s\000\040\000F\000i\000t\000s}{section.2.2}% 14
\BOOKMARK [2][-]{subsection.2.2.3}{\376\377\000T\000h\000e\000\040\000v\000o\000n\000\040\000M\000i\000s\000e\000s\000\040\000Y\000i\000e\000l\000d\000\040\000C\000r\000i\000t\000e\000r\000i\000o\000n}{section.2.2}% 15
\BOOKMARK [2][-]{subsection.2.2.4}{\376\377\000F\000o\000r\000m\000\040\000C\000l\000o\000s\000u\000r\000e\000:\000\040\000K\000e\000y\000s\000\040\000a\000n\000d\000\040\000S\000p\000l\000i\000n\000e\000s}{section.2.2}% 16
\BOOKMARK [2][-]{subsection.2.2.5}{\376\377\000C\000o\000m\000p\000a\000r\000i\000s\000o\000n\000\040\000o\000f\000\040\000C\000o\000n\000n\000e\000c\000t\000i\000o\000n\000\040\000T\000y\000p\000e\000s}{section.2.2}% 17
\BOOKMARK [1][-]{section.2.3}{\376\377\000R\000e\000l\000e\000v\000a\000n\000t\000\040\000I\000n\000d\000u\000s\000t\000r\000y\000\040\000S\000t\000a\000n\000d\000a\000r\000d\000s}{chapter.2}% 18
\BOOKMARK [1][-]{section.2.4}{\376\377\000M\000a\000t\000e\000r\000i\000a\000l\000s\000\040\000a\000n\000d\000\040\000C\000o\000n\000t\000a\000c\000t\000\040\000M\000e\000c\000h\000a\000n\000i\000c\000s}{chapter.2}% 19
\BOOKMARK [1][-]{section.2.5}{\376\377\000F\000e\000a\000s\000i\000b\000i\000l\000i\000t\000y\000\040\000C\000o\000n\000s\000i\000d\000e\000r\000a\000t\000i\000o\000n\000s}{chapter.2}% 20
\BOOKMARK [1][-]{section.2.6}{\376\377\000P\000r\000e\000f\000e\000r\000e\000n\000c\000e\000-\000B\000a\000s\000e\000d\000\040\000E\000n\000g\000i\000n\000e\000e\000r\000i\000n\000g\000\040\000T\000r\000a\000d\000e\000-\000O\000f\000f\000s}{chapter.2}% 21
\BOOKMARK [1][-]{section.2.7}{\376\377\000S\000y\000n\000t\000h\000e\000t\000i\000c\000\040\000D\000a\000t\000a\000\040\000i\000n\000\040\000E\000n\000g\000i\000n\000e\000e\000r\000i\000n\000g\000\040\000D\000e\000s\000i\000g\000n}{chapter.2}% 22
\BOOKMARK [1][-]{section.2.8}{\376\377\000M\000a\000c\000h\000i\000n\000e\000\040\000L\000e\000a\000r\000n\000i\000n\000g\000\040\000C\000o\000n\000c\000e\000p\000t\000s\000\040\000f\000o\000r\000\040\000H\000y\000b\000r\000i\000d\000\040\000P\000r\000e\000d\000i\000c\000t\000i\000o\000n}{chapter.2}% 23
\BOOKMARK [2][-]{subsection.2.8.1}{\376\377\000W\000h\000a\000t\000\040\000i\000s\000\040\000M\000a\000c\000h\000i\000n\000e\000\040\000L\000e\000a\000r\000n\000i\000n\000g\000?}{section.2.8}% 24
\BOOKMARK [2][-]{subsection.2.8.2}{\376\377\000S\000u\000p\000e\000r\000v\000i\000s\000e\000d\000\040\000C\000l\000a\000s\000s\000i\000f\000i\000c\000a\000t\000i\000o\000n}{section.2.8}% 25
\BOOKMARK [2][-]{subsection.2.8.3}{\376\377\000T\000r\000e\000e\000-\000B\000a\000s\000e\000d\000\040\000M\000o\000d\000e\000l\000s\000\040\000a\000n\000d\000\040\000G\000r\000a\000d\000i\000e\000n\000t\000\040\000B\000o\000o\000s\000t\000i\000n\000g}{section.2.8}% 26
\BOOKMARK [2][-]{subsection.2.8.4}{\376\377\000E\000n\000s\000e\000m\000b\000l\000e\000\040\000L\000e\000a\000r\000n\000i\000n\000g}{section.2.8}% 27
\BOOKMARK [2][-]{subsection.2.8.5}{\376\377\000E\000v\000a\000l\000u\000a\000t\000i\000o\000n\000\040\000M\000e\000t\000r\000i\000c\000s\000\040\000a\000n\000d\000\040\000M\000o\000d\000e\000l\000\040\000S\000e\000l\000e\000c\000t\000i\000o\000n}{section.2.8}% 28
\BOOKMARK [1][-]{section.2.9}{\376\377\000S\000t\000a\000t\000e\000\040\000o\000f\000\040\000t\000h\000e\000\040\000A\000r\000t\000\040\000i\000n\000\040\000E\000n\000g\000i\000n\000e\000e\000r\000i\000n\000g\000\040\000D\000e\000s\000i\000g\000n\000\040\000A\000u\000t\000o\000m\000a\000t\000i\000o\000n}{chapter.2}% 29
\BOOKMARK [1][-]{section.2.10}{\376\377\000S\000u\000m\000m\000a\000r\000y}{chapter.2}% 30
\BOOKMARK [0][-]{chapter.3}{\376\377\000M\000e\000t\000h\000o\000d\000o\000l\000o\000g\000y}{}% 31
\BOOKMARK [1][-]{section.3.1}{\376\377\000M\000a\000t\000e\000r\000i\000a\000l\000\040\000D\000a\000t\000a\000b\000a\000s\000e\000\040\000a\000n\000d\000\040\000E\000n\000g\000i\000n\000e\000e\000r\000i\000n\000g\000\040\000C\000o\000n\000s\000t\000a\000n\000t\000s}{chapter.3}% 32
\BOOKMARK [1][-]{section.3.2}{\376\377\000A\000n\000a\000l\000y\000t\000i\000c\000a\000l\000\040\000S\000e\000l\000e\000c\000t\000o\000r\000:\000\040\000C\000a\000p\000a\000c\000i\000t\000y\000\040\000C\000o\000m\000p\000u\000t\000a\000t\000i\000o\000n\000s}{chapter.3}% 33
\BOOKMARK [2][-]{subsection.3.2.1}{\376\377\000I\000n\000p\000u\000t\000\040\000V\000a\000l\000i\000d\000a\000t\000i\000o\000n}{section.3.2}% 34
\BOOKMARK [2][-]{subsection.3.2.2}{\376\377\000P\000r\000e\000s\000s\000-\000F\000i\000t\000\040\000C\000a\000p\000a\000c\000i\000t\000y\000\040\000\050\000F\000r\000i\000c\000t\000i\000o\000n\000\040\000C\000l\000o\000s\000u\000r\000e\000\051}{section.3.2}% 35
\BOOKMARK [2][-]{subsection.3.2.3}{\376\377\000K\000e\000y\000\040\000C\000a\000p\000a\000c\000i\000t\000y\000\040\000\050\000F\000o\000r\000m\000\040\000C\000l\000o\000s\000u\000r\000e\000\051}{section.3.2}% 36
\BOOKMARK [2][-]{subsection.3.2.4}{\376\377\000S\000p\000l\000i\000n\000e\000\040\000C\000a\000p\000a\000c\000i\000t\000y\000\040\000\050\000F\000o\000r\000m\000\040\000C\000l\000o\000s\000u\000r\000e\000\051}{section.3.2}% 37
\BOOKMARK [1][-]{section.3.3}{\376\377\000F\000e\000a\000s\000i\000b\000i\000l\000i\000t\000y\000\040\000F\000i\000l\000t\000e\000r\000i\000n\000g\000\040\000a\000n\000d\000\040\000P\000r\000e\000f\000e\000r\000e\000n\000c\000e\000-\000B\000a\000s\000e\000d\000\040\000S\000c\000o\000r\000i\000n\000g}{chapter.3}% 38
\BOOKMARK [2][-]{subsection.3.3.1}{\376\377\000D\000e\000s\000i\000g\000n\000\040\000T\000o\000r\000q\000u\000e\000\040\000a\000n\000d\000\040\000F\000e\000a\000s\000i\000b\000i\000l\000i\000t\000y}{section.3.3}% 39
\BOOKMARK [2][-]{subsection.3.3.2}{\376\377\000C\000o\000n\000n\000e\000c\000t\000i\000o\000n\000\040\000P\000e\000r\000f\000o\000r\000m\000a\000n\000c\000e\000\040\000P\000r\000o\000f\000i\000l\000e\000s}{section.3.3}% 40
\BOOKMARK [2][-]{subsection.3.3.3}{\376\377\000S\000c\000o\000r\000i\000n\000g\000\040\000F\000u\000n\000c\000t\000i\000o\000n}{section.3.3}% 41
\BOOKMARK [1][-]{section.3.4}{\376\377\000S\000y\000n\000t\000h\000e\000t\000i\000c\000\040\000D\000a\000t\000a\000s\000e\000t\000\040\000G\000e\000n\000e\000r\000a\000t\000i\000o\000n}{chapter.3}% 42
\BOOKMARK [2][-]{subsection.3.4.1}{\376\377\000G\000e\000o\000m\000e\000t\000r\000y\000\040\000a\000n\000d\000\040\000C\000o\000n\000d\000i\000t\000i\000o\000n\000\040\000S\000a\000m\000p\000l\000i\000n\000g}{section.3.4}% 43
\BOOKMARK [2][-]{subsection.3.4.2}{\376\377\000T\000o\000r\000q\000u\000e\000\040\000a\000n\000d\000\040\000S\000a\000f\000e\000t\000y\000\040\000F\000a\000c\000t\000o\000r\000\040\000S\000a\000m\000p\000l\000i\000n\000g}{section.3.4}% 44
\BOOKMARK [2][-]{subsection.3.4.3}{\376\377\000P\000r\000e\000f\000e\000r\000e\000n\000c\000e\000\040\000W\000e\000i\000g\000h\000t\000\040\000S\000a\000m\000p\000l\000i\000n\000g}{section.3.4}% 45
\BOOKMARK [2][-]{subsection.3.4.4}{\376\377\000L\000a\000b\000e\000l\000\040\000G\000e\000n\000e\000r\000a\000t\000i\000o\000n}{section.3.4}% 46
\BOOKMARK [1][-]{section.3.5}{\376\377\000M\000a\000c\000h\000i\000n\000e\000\040\000L\000e\000a\000r\000n\000i\000n\000g\000\040\000T\000r\000a\000i\000n\000i\000n\000g\000\040\000a\000n\000d\000\040\000M\000o\000d\000e\000l\000\040\000S\000e\000l\000e\000c\000t\000i\000o\000n}{chapter.3}% 47
\BOOKMARK [2][-]{subsection.3.5.1}{\376\377\000F\000e\000a\000t\000u\000r\000e\000\040\000E\000n\000g\000i\000n\000e\000e\000r\000i\000n\000g}{section.3.5}% 48
\BOOKMARK [2][-]{subsection.3.5.2}{\376\377\000M\000o\000d\000e\000l\000\040\000S\000e\000l\000e\000c\000t\000i\000o\000n\000\040\000R\000a\000t\000i\000o\000n\000a\000l\000e}{section.3.5}% 49
\BOOKMARK [2][-]{subsection.3.5.3}{\376\377\000M\000o\000d\000e\000l\000\040\000C\000a\000n\000d\000i\000d\000a\000t\000e\000s}{section.3.5}% 50
\BOOKMARK [2][-]{subsection.3.5.4}{\376\377\000E\000v\000a\000l\000u\000a\000t\000i\000o\000n\000\040\000S\000t\000r\000a\000t\000e\000g\000y\000\040\000a\000n\000d\000\040\000M\000e\000t\000r\000i\000c\000\040\000S\000e\000l\000e\000c\000t\000i\000o\000n}{section.3.5}% 51
\BOOKMARK [2][-]{subsection.3.5.5}{\376\377\000M\000o\000d\000e\000l\000\040\000P\000e\000r\000s\000i\000s\000t\000e\000n\000c\000e}{section.3.5}% 52
\BOOKMARK [1][-]{section.3.6}{\376\377\000D\000e\000p\000l\000o\000y\000m\000e\000n\000t\000:\000\040\000B\000a\000c\000k\000e\000n\000d\000\040\000S\000e\000r\000v\000i\000c\000e\000\040\000a\000n\000d\000\040\000W\000e\000b\000\040\000F\000r\000o\000n\000t\000e\000n\000d}{chapter.3}% 53
\BOOKMARK [2][-]{subsection.3.6.1}{\376\377\000B\000a\000c\000k\000e\000n\000d\000\040\000A\000r\000c\000h\000i\000t\000e\000c\000t\000u\000r\000e}{section.3.6}% 54
\BOOKMARK [2][-]{subsection.3.6.2}{\376\377\000F\000r\000o\000n\000t\000e\000n\000d\000\040\000I\000n\000t\000e\000r\000f\000a\000c\000e}{section.3.6}% 55
\BOOKMARK [2][-]{subsection.3.6.3}{\376\377\000D\000e\000p\000l\000o\000y\000m\000e\000n\000t\000\040\000a\000n\000d\000\040\000A\000v\000a\000i\000l\000a\000b\000i\000l\000i\000t\000y}{section.3.6}% 56
\BOOKMARK [1][-]{section.3.7}{\376\377\000S\000u\000m\000m\000a\000r\000y}{chapter.3}% 57
\BOOKMARK [0][-]{chapter.4}{\376\377\000R\000e\000s\000u\000l\000t\000s}{}% 58
\BOOKMARK [1][-]{section.4.1}{\376\377\000A\000n\000a\000l\000y\000t\000i\000c\000a\000l\000\040\000M\000o\000d\000e\000l\000\040\000V\000e\000r\000i\000f\000i\000c\000a\000t\000i\000o\000n}{chapter.4}% 59
\BOOKMARK [1][-]{section.4.2}{\376\377\000S\000y\000n\000t\000h\000e\000t\000i\000c\000\040\000D\000a\000t\000a\000s\000e\000t\000\040\000C\000h\000a\000r\000a\000c\000t\000e\000r\000i\000s\000t\000i\000c\000s}{chapter.4}% 60
\BOOKMARK [1][-]{section.4.3}{\376\377\000R\000e\000q\000u\000i\000r\000e\000m\000e\000n\000t\000s\000\040\000V\000a\000l\000i\000d\000a\000t\000i\000o\000n}{chapter.4}% 61
\BOOKMARK [2][-]{subsection.4.3.1}{\376\377\000R\000e\000q\000u\000i\000r\000e\000m\000e\000n\000t\000\040\000R\0001\000:\000\040\000S\000c\000o\000r\000i\000n\000g\000\040\000S\000y\000s\000t\000e\000m\000\040\000A\000c\000c\000u\000r\000a\000c\000y}{section.4.3}% 62
\BOOKMARK [2][-]{subsection.4.3.2}{\376\377\000R\000e\000q\000u\000i\000r\000e\000m\000e\000n\000t\000\040\000R\0002\000:\000\040\000D\000a\000t\000a\000s\000e\000t\000\040\000D\000i\000v\000e\000r\000s\000i\000t\000y\000\040\000a\000n\000d\000\040\000C\000o\000v\000e\000r\000a\000g\000e}{section.4.3}% 63
\BOOKMARK [2][-]{subsection.4.3.3}{\376\377\000R\000e\000q\000u\000i\000r\000e\000m\000e\000n\000t\000\040\000R\0003\000:\000\040\000M\000L\000\040\000M\000o\000d\000e\000l\000\040\000P\000e\000r\000f\000o\000r\000m\000a\000n\000c\000e}{section.4.3}% 64
\BOOKMARK [2][-]{subsection.4.3.4}{\376\377\000R\000e\000q\000u\000i\000r\000e\000m\000e\000n\000t\000\040\000R\0004\000:\000\040\000S\000y\000s\000t\000e\000m\000\040\000I\000n\000t\000e\000g\000r\000a\000t\000i\000o\000n\000\040\000a\000n\000d\000\040\000U\000s\000a\000b\000i\000l\000i\000t\000y}{section.4.3}% 65
\BOOKMARK [1][-]{section.4.4}{\376\377\000M\000a\000c\000h\000i\000n\000e\000\040\000L\000e\000a\000r\000n\000i\000n\000g\000\040\000M\000o\000d\000e\000l\000\040\000P\000e\000r\000f\000o\000r\000m\000a\000n\000c\000e}{chapter.4}% 66
\BOOKMARK [2][-]{subsection.4.4.1}{\376\377\000E\000r\000r\000o\000r\000\040\000A\000n\000a\000l\000y\000s\000i\000s\000\040\000a\000n\000d\000\040\000F\000a\000i\000l\000u\000r\000e\000\040\000M\000o\000d\000e\000s}{section.4.4}% 67
\BOOKMARK [1][-]{section.4.5}{\376\377\000W\000e\000b\000\040\000A\000p\000p\000l\000i\000c\000a\000t\000i\000o\000n\000\040\000D\000e\000m\000o\000n\000s\000t\000r\000a\000t\000i\000o\000n}{chapter.4}% 68
\BOOKMARK [0][-]{chapter.5}{\376\377\000D\000i\000s\000c\000u\000s\000s\000i\000o\000n}{}% 69
\BOOKMARK [1][-]{section.5.1}{\376\377\000A\000n\000a\000l\000y\000t\000i\000c\000a\000l\000\040\000M\000o\000d\000e\000l\000\040\000B\000e\000h\000a\000v\000i\000o\000r\000\040\000a\000n\000d\000\040\000V\000a\000l\000i\000d\000i\000t\000y}{chapter.5}% 70
\BOOKMARK [1][-]{section.5.2}{\376\377\000E\000f\000f\000e\000c\000t\000\040\000o\000f\000\040\000P\000r\000e\000f\000e\000r\000e\000n\000c\000e\000-\000W\000e\000i\000g\000h\000t\000e\000d\000\040\000S\000c\000o\000r\000i\000n\000g}{chapter.5}% 71
\BOOKMARK [1][-]{section.5.3}{\376\377\000S\000y\000n\000t\000h\000e\000t\000i\000c\000\040\000D\000a\000t\000a\000\040\000a\000n\000d\000\040\000M\000L\000\040\000M\000o\000d\000e\000l\000\040\000I\000n\000t\000e\000g\000r\000a\000t\000i\000o\000n}{chapter.5}% 72
\BOOKMARK [1][-]{section.5.4}{\376\377\000S\000y\000s\000t\000e\000m\000-\000L\000e\000v\000e\000l\000\040\000C\000o\000n\000s\000i\000d\000e\000r\000a\000t\000i\000o\000n\000s\000\040\000a\000n\000d\000\040\000L\000i\000m\000i\000t\000a\000t\000i\000o\000n\000s}{chapter.5}% 73
\BOOKMARK [0][-]{chapter.6}{\376\377\000C\000o\000n\000c\000l\000u\000s\000i\000o\000n}{}% 74
\BOOKMARK [1][-]{section.6.1}{\376\377\000R\000e\000s\000e\000a\000r\000c\000h\000\040\000O\000b\000j\000e\000c\000t\000i\000v\000e\000s\000\040\000R\000e\000v\000i\000s\000i\000t\000e\000d}{chapter.6}% 75
\BOOKMARK [1][-]{section.6.2}{\376\377\000S\000u\000m\000m\000a\000r\000y}{chapter.6}% 76
\BOOKMARK [1][-]{section.6.3}{\376\377\000R\000e\000l\000a\000t\000i\000o\000n\000\040\000t\000o\000\040\000E\000x\000i\000s\000t\000i\000n\000g\000\040\000W\000o\000r\000k}{chapter.6}% 77
\BOOKMARK [1][-]{section.6.4}{\376\377\000L\000i\000m\000i\000t\000a\000t\000i\000o\000n\000s\000\040\000a\000n\000d\000\040\000F\000u\000t\000u\000r\000e\000\040\000W\000o\000r\000k}{chapter.6}% 78
\BOOKMARK [1][-]{section.6.5}{\376\377\000O\000u\000t\000l\000o\000o\000k}{chapter.6}% 79
\BOOKMARK [2][-]{subsection.6.5.1}{\376\377\000I\000n\000t\000e\000g\000r\000a\000t\000i\000o\000n\000\040\000o\000f\000\040\000L\000i\000t\000e\000r\000a\000t\000u\000r\000e\000\040\000a\000n\000d\000\040\000R\000e\000s\000e\000a\000r\000c\000h\000\040\000D\000a\000t\000a}{section.6.5}% 80
\BOOKMARK [2][-]{subsection.6.5.2}{\376\377\000E\000n\000h\000a\000n\000c\000e\000d\000\040\000P\000r\000e\000c\000i\000s\000i\000o\000n\000\040\000T\000h\000r\000o\000u\000g\000h\000\040\000M\000u\000l\000t\000i\000-\000S\000o\000u\000r\000c\000e\000\040\000L\000e\000a\000r\000n\000i\000n\000g}{section.6.5}% 81
\BOOKMARK [2][-]{subsection.6.5.3}{\376\377\000C\000o\000n\000t\000i\000n\000u\000o\000u\000s\000\040\000L\000e\000a\000r\000n\000i\000n\000g\000\040\000a\000n\000d\000\040\000M\000o\000d\000e\000l\000\040\000U\000p\000d\000a\000t\000e\000s}{section.6.5}% 82
\BOOKMARK [2][-]{subsection.6.5.4}{\376\377\000T\000e\000c\000h\000n\000i\000c\000a\000l\000\040\000I\000m\000p\000l\000e\000m\000e\000n\000t\000a\000t\000i\000o\000n\000\040\000C\000o\000n\000s\000i\000d\000e\000r\000a\000t\000i\000o\000n\000s}{section.6.5}% 83
\BOOKMARK [1][-]{section.6.6}{\376\377\000C\000o\000n\000c\000l\000u\000d\000i\000n\000g\000\040\000R\000e\000m\000a\000r\000k\000s}{chapter.6}% 84
\BOOKMARK [0][-]{section*.80}{\376\377\000A\000p\000p\000e\000n\000d\000i\000x}{}% 85
\BOOKMARK [0][-]{appendix.A}{\376\377\000N\000o\000m\000e\000n\000c\000l\000a\000t\000u\000r\000e}{}% 86
\BOOKMARK [0][-]{appendix.B}{\376\377\000L\000i\000s\000t\000s}{}% 87
\BOOKMARK [1][-]{section*.89}{\376\377\000L\000i\000s\000t\000\040\000o\000f\000\040\000A\000b\000b\000r\000e\000v\000i\000a\000t\000i\000o\000n\000s}{appendix.B}% 88
\BOOKMARK [1][-]{appendix*.90}{\376\377\000L\000i\000s\000t\000\040\000o\000f\000\040\000F\000i\000g\000u\000r\000e\000s}{appendix.B}% 89
\BOOKMARK [1][-]{appendix*.91}{\376\377\000L\000i\000s\000t\000\040\000o\000f\000\040\000T\000a\000b\000l\000e\000s}{appendix.B}% 90
\BOOKMARK [0][-]{appendix.C}{\376\377\000S\000o\000u\000r\000c\000e\000\040\000C\000o\000d\000e}{}% 91
\BOOKMARK [1][-]{section.C.1}{\376\377\000A\000n\000a\000l\000y\000t\000i\000c\000a\000l\000\040\000S\000e\000l\000e\000c\000t\000o\000r\000:\000\040\000C\000o\000r\000e\000\040\000F\000u\000n\000c\000t\000i\000o\000n\000s}{appendix.C}% 92
\BOOKMARK [2][-]{subsection.C.1.1}{\376\377\000P\000r\000e\000s\000s\000-\000F\000i\000t\000\040\000C\000a\000p\000a\000c\000i\000t\000y\000\040\000C\000a\000l\000c\000u\000l\000a\000t\000i\000o\000n}{section.C.1}% 93
\BOOKMARK [2][-]{subsection.C.1.2}{\376\377\000K\000e\000y\000\040\000C\000a\000p\000a\000c\000i\000t\000y\000\040\000C\000a\000l\000c\000u\000l\000a\000t\000i\000o\000n}{section.C.1}% 94
\BOOKMARK [2][-]{subsection.C.1.3}{\376\377\000S\000p\000l\000i\000n\000e\000\040\000C\000a\000p\000a\000c\000i\000t\000y\000\040\000C\000a\000l\000c\000u\000l\000a\000t\000i\000o\000n}{section.C.1}% 95
\BOOKMARK [2][-]{subsection.C.1.4}{\376\377\000P\000r\000e\000f\000e\000r\000e\000n\000c\000e\000\040\000S\000c\000o\000r\000i\000n\000g\000\040\000F\000u\000n\000c\000t\000i\000o\000n}{section.C.1}% 96
\BOOKMARK [2][-]{subsection.C.1.5}{\376\377\000M\000a\000i\000n\000\040\000S\000e\000l\000e\000c\000t\000i\000o\000n\000\040\000F\000u\000n\000c\000t\000i\000o\000n}{section.C.1}% 97
\BOOKMARK [1][-]{section.C.2}{\376\377\000S\000y\000n\000t\000h\000e\000t\000i\000c\000\040\000D\000a\000t\000a\000s\000e\000t\000\040\000G\000e\000n\000e\000r\000a\000t\000i\000o\000n}{appendix.C}% 98
\BOOKMARK [1][-]{section.C.3}{\376\377\000M\000a\000c\000h\000i\000n\000e\000\040\000L\000e\000a\000r\000n\000i\000n\000g\000\040\000T\000r\000a\000i\000n\000i\000n\000g}{appendix.C}% 99
\BOOKMARK [1][-]{section.C.4}{\376\377\000W\000e\000b\000\040\000A\000p\000p\000l\000i\000c\000a\000t\000i\000o\000n\000\040\000B\000a\000c\000k\000e\000n\000d}{appendix.C}% 100
\BOOKMARK [1][-]{section.C.5}{\376\377\000W\000e\000b\000\040\000A\000p\000p\000l\000i\000c\000a\000t\000i\000o\000n\000\040\000F\000r\000o\000n\000t\000e\000n\000d}{appendix.C}% 101
\BOOKMARK [0][-]{appendix*.92}{\376\377\000R\000e\000f\000e\000r\000e\000n\000c\000e\000s}{}% 102
